<?xml version="1.0" encoding="UTF-8"?>
<!-- Generated by org.testng.reporters.JUnitReportReporter -->
<testsuite hostname="DESKTOP-M57T0K8" failures="0" tests="1" name="signupstepdef.signUpstepdef" time="0.028" errors="0" timestamp="23 Jun 2023 09:42:58 GMT">
  <testcase classname="signupstepdef.signUpstepdef" name="test_assert" time="0.028"/>
</testsuite> <!-- signupstepdef.signUpstepdef -->
